<?xml version="1.0" encoding="UTF-8"?>
<testsuite name="FractionTest" tests="6" skipped="0" failures="0" errors="0" timestamp="2018-06-19T12:36:52" hostname="iMac-9.local" time="0.002">
  <properties/>
  <testcase name="nominatorCantBeZero" classname="FractionTest" time="0.001"/>
  <testcase name="positiveNumbersCanAdd" classname="FractionTest" time="0.0"/>
  <testcase name="negativeNumbersCanAdd" classname="FractionTest" time="0.0"/>
  <testcase name="positiveNumbersCanSubstract" classname="FractionTest" time="0.0"/>
  <testcase name="positiveNumbersCanMultiply" classname="FractionTest" time="0.0"/>
  <testcase name="negativeNumbersCanSubstract" classname="FractionTest" time="0.0"/>
  <system-out><![CDATA[]]></system-out>
  <system-err><![CDATA[]]></system-err>
</testsuite>
