<?xml version="1.0" encoding="UTF-8"?>
<testsuite name="PrimeTest" tests="4" skipped="0" failures="0" errors="0" timestamp="2018-06-20T13:07:15" hostname="iMac-9.local" time="0.001">
  <properties/>
  <testcase name="primeNumberReturnsFalseIfValueIsPrime" classname="PrimeTest" time="0.0"/>
  <testcase name="negativeNumbersAreNotPrimes" classname="PrimeTest" time="0.0"/>
  <testcase name="oneIsNotAPrime" classname="PrimeTest" time="0.0"/>
  <testcase name="primeNumberReturnsTrueIfValueIsPrime" classname="PrimeTest" time="0.0"/>
  <system-out><![CDATA[]]></system-out>
  <system-err><![CDATA[]]></system-err>
</testsuite>
